2007-06-14 12:35:16: (log.c.75) server started 
2007-06-14 12:36:42: (server.c.1252) [note] graceful shutdown started 
2007-06-14 12:36:42: (log.c.135) server stopped 
2007-06-14 12:36:45: (log.c.75) server started 
2007-06-14 12:39:13: (server.c.1252) [note] graceful shutdown started 
2007-06-14 12:39:13: (log.c.135) server stopped 
2007-06-14 12:39:16: (log.c.75) server started 
2007-06-14 12:43:27: (server.c.1252) [note] graceful shutdown started 
2007-06-14 12:43:27: (log.c.135) server stopped 
2007-06-14 12:43:29: (log.c.75) server started 
2007-06-14 12:44:22: (server.c.1252) [note] graceful shutdown started 
2007-06-14 12:44:22: (log.c.135) server stopped 
2007-06-14 12:44:24: (log.c.75) server started 
2007-06-14 12:45:20: (server.c.1252) [note] graceful shutdown started 
2007-06-14 12:45:20: (log.c.135) server stopped 
2007-06-14 12:45:22: (log.c.75) server started 
2007-06-14 12:46:40: (server.c.1252) [note] graceful shutdown started 
2007-06-14 12:46:40: (log.c.135) server stopped 
2007-06-14 12:46:42: (log.c.75) server started 
2007-06-14 12:48:25: (server.c.1252) [note] graceful shutdown started 
2007-06-14 12:48:25: (log.c.135) server stopped 
2007-06-14 12:48:27: (log.c.75) server started 
2007-06-14 13:01:09: (mod_fastcgi.c.2551) FastCGI-stderr: /Users/ahoward/src/ruby/tagz/rails/public/../config/../app/views/layouts/application.rb:7: warning: parenthesize argument(s) for future version
 
2007-06-14 13:01:10: (mod_fastcgi.c.2551) FastCGI-stderr: /Users/ahoward/src/ruby/tagz/rails/public/../config/../app/views/layouts/application.rb:7: warning: parenthesize argument(s) for future version
 
2007-06-14 13:01:17: (mod_fastcgi.c.2551) FastCGI-stderr: /Users/ahoward/src/ruby/tagz/rails/public/../config/../app/views/layouts/application.rb:7: warning: parenthesize argument(s) for future version
 
2007-06-14 13:06:17: (server.c.1252) [note] graceful shutdown started 
2007-06-14 13:06:17: (log.c.135) server stopped 
2007-06-14 15:01:26: (log.c.75) server started 
2007-06-14 15:43:00: (server.c.1252) [note] graceful shutdown started 
2007-06-14 15:43:00: (log.c.135) server stopped 
2007-06-14 15:43:03: (log.c.75) server started 
2007-06-14 15:43:31: (server.c.1252) [note] graceful shutdown started 
2007-06-14 15:43:31: (log.c.135) server stopped 
2007-06-14 15:43:34: (log.c.75) server started 
2007-06-14 15:44:47: (server.c.1252) [note] graceful shutdown started 
2007-06-14 15:44:47: (log.c.135) server stopped 
2007-06-14 15:44:50: (log.c.75) server started 
2007-06-14 15:46:18: (server.c.1252) [note] graceful shutdown started 
2007-06-14 15:46:18: (log.c.135) server stopped 
2007-06-14 15:46:20: (log.c.75) server started 
2007-06-14 15:51:46: (server.c.1252) [note] graceful shutdown started 
2007-06-14 15:51:46: (log.c.135) server stopped 
2007-06-14 15:51:48: (log.c.75) server started 
2007-06-14 15:53:35: (server.c.1252) [note] graceful shutdown started 
2007-06-14 15:53:35: (log.c.135) server stopped 
2007-06-14 15:53:38: (log.c.75) server started 
2007-06-14 15:54:56: (server.c.1252) [note] graceful shutdown started 
2007-06-14 15:54:56: (log.c.135) server stopped 
2007-06-14 15:54:58: (log.c.75) server started 
2007-06-14 15:55:00: (mod_fastcgi.c.1711) connect failed: Connection refused on unix:/Users/ahoward/src/ruby/tagz/rails/tmp/sockets/fcgi.socket-0 
2007-06-14 15:55:00: (mod_fastcgi.c.2866) backend died, we disable it for a 5 seconds and send the request to another backend instead: reconnects: 0 load: 1 
2007-06-14 15:56:04: (server.c.1252) [note] graceful shutdown started 
2007-06-14 15:56:08: (log.c.135) server stopped 
2007-06-14 15:56:10: (log.c.75) server started 
2007-06-14 15:57:11: (server.c.1252) [note] graceful shutdown started 
2007-06-14 15:57:11: (log.c.135) server stopped 
2007-06-14 15:57:13: (log.c.75) server started 
2007-06-14 16:00:17: (server.c.1252) [note] graceful shutdown started 
2007-06-14 16:00:17: (log.c.135) server stopped 
2007-06-14 16:00:19: (log.c.75) server started 
2007-06-14 16:16:41: (server.c.1252) [note] graceful shutdown started 
2007-06-14 16:16:41: (log.c.135) server stopped 
2007-06-14 16:16:42: (log.c.75) server started 
2007-06-14 16:17:01: (server.c.1252) [note] graceful shutdown started 
2007-06-14 16:17:01: (log.c.135) server stopped 
2007-06-14 16:17:02: (log.c.75) server started 
2007-06-14 16:17:58: (server.c.1252) [note] graceful shutdown started 
2007-06-14 16:17:58: (log.c.135) server stopped 
2007-06-14 16:17:59: (log.c.75) server started 
2007-06-14 16:18:51: (server.c.1252) [note] graceful shutdown started 
2007-06-14 16:18:51: (log.c.135) server stopped 
2007-06-14 16:18:54: (log.c.75) server started 
2007-06-14 16:43:16: (server.c.1252) [note] graceful shutdown started 
2007-06-14 16:43:16: (log.c.135) server stopped 
2007-06-14 16:45:40: (log.c.75) server started 
2007-06-14 16:45:58: (server.c.1252) [note] graceful shutdown started 
2007-06-14 16:45:58: (log.c.135) server stopped 
2007-06-14 16:46:00: (log.c.75) server started 
2007-06-14 16:46:18: (server.c.1252) [note] graceful shutdown started 
2007-06-14 16:46:18: (log.c.135) server stopped 
2007-06-14 16:46:21: (log.c.75) server started 
2007-06-14 16:46:48: (server.c.1252) [note] graceful shutdown started 
2007-06-14 16:46:48: (log.c.135) server stopped 
2007-06-14 16:46:50: (log.c.75) server started 
2007-06-14 16:49:37: (server.c.1252) [note] graceful shutdown started 
2007-06-14 16:49:37: (log.c.135) server stopped 
2007-06-14 16:49:39: (log.c.75) server started 
2007-06-14 16:50:40: (server.c.1252) [note] graceful shutdown started 
2007-06-14 16:50:40: (log.c.135) server stopped 
2007-06-14 16:50:42: (log.c.75) server started 
2007-06-14 16:50:54: (server.c.1252) [note] graceful shutdown started 
2007-06-14 16:50:54: (log.c.135) server stopped 
2007-06-14 16:50:57: (log.c.75) server started 
2007-06-14 16:51:40: (server.c.1252) [note] graceful shutdown started 
2007-06-14 16:51:40: (log.c.135) server stopped 
2007-06-14 16:51:42: (log.c.75) server started 
2007-06-14 19:39:52: (server.c.1252) [note] graceful shutdown started 
2007-06-14 19:39:52: (log.c.135) server stopped 
2007-06-26 21:47:45: (log.c.75) server started 
2007-06-26 21:48:59: (server.c.1252) [note] graceful shutdown started 
2007-06-26 21:48:59: (log.c.135) server stopped 
2007-06-26 21:49:02: (log.c.75) server started 
2007-06-26 22:01:02: (server.c.1252) [note] graceful shutdown started 
2007-06-26 22:01:02: (log.c.135) server stopped 
2007-06-26 22:01:04: (log.c.75) server started 
2007-06-26 22:17:58: (server.c.1252) [note] graceful shutdown started 
2007-06-26 22:17:58: (log.c.135) server stopped 
2007-06-27 08:45:40: (log.c.75) server started 
2007-06-27 08:46:54: (server.c.1252) [note] graceful shutdown started 
2007-06-27 08:46:54: (log.c.135) server stopped 
2007-06-27 08:46:56: (log.c.75) server started 
2007-06-27 08:50:07: (server.c.1252) [note] graceful shutdown started 
2007-06-27 08:50:07: (log.c.135) server stopped 
